<?xml version="1.0" encoding="UTF-8"?>
<testsuite name="com.test.testcases.TestCase7" tests="1" skipped="0" failures="0" errors="0" timestamp="2021-03-13T11:03:19" hostname="DESKTOP-JGOCG90" time="0.33">
  <properties/>
  <testcase name="dragAndDrop" classname="com.test.testcases.TestCase7" time="0.33"/>
  <system-out><![CDATA[]]></system-out>
  <system-err><![CDATA[]]></system-err>
</testsuite>
